2024-04-22 00:07:51.028[1713730071028] | INFO  | restartedMain | c.h.e.ExchangeBridgeApplicationKt    - Starting ExchangeBridgeApplicationKt using Java 22.0.1 with PID 38118 (/Users/ruslan/IdeaProjects/exchange-bridge2/build/classes/kotlin/main started by ruslan in /Users/ruslan/IdeaProjects/exchange-bridge2)
2024-04-22 00:07:51.029[1713730071029] | INFO  | restartedMain | c.h.e.ExchangeBridgeApplicationKt    - No active profile set, falling back to 1 default profile: "default"
2024-04-22 00:07:51.066[1713730071066] | INFO  | restartedMain | o.s.b.d.restart.ChangeableUrls       - The Class-Path manifest attribute in /Users/ruslan/.gradle/caches/modules-2/files-2.1/net.openhft/chronicle-map/3.25ea6/b5201c6e8722d69d707a42a619531229d82a0f0a/chronicle-map-3.25ea6.jar referenced one or more files that do not exist: file:/Users/ruslan/.gradle/caches/modules-2/files-2.1/net.openhft/chronicle-map/3.25ea6/b5201c6e8722d69d707a42a619531229d82a0f0a/affinity-3.23.3.jar,file:/Users/ruslan/.gradle/caches/modules-2/files-2.1/net.openhft/chronicle-map/3.25ea6/b5201c6e8722d69d707a42a619531229d82a0f0a/chronicle-core-2.25ea10.jar,file:/Users/ruslan/.gradle/caches/modules-2/files-2.1/net.openhft/chronicle-map/3.25ea6/b5201c6e8722d69d707a42a619531229d82a0f0a/chronicle-analytics-2.25ea0.jar,file:/Users/ruslan/.gradle/caches/modules-2/files-2.1/net.openhft/chronicle-map/3.25ea6/b5201c6e8722d69d707a42a619531229d82a0f0a/chronicle-bytes-2.25ea7.jar,file:/Users/ruslan/.gradle/caches/modules-2/files-2.1/net.openhft/chronicle-map/3.25ea6/b5201c6e8722d69d707a42a619531229d82a0f0a/posix-2.25ea0.jar,file:/Users/ruslan/.gradle/caches/modules-2/files-2.1/net.openhft/chronicle-map/3.25ea6/b5201c6e8722d69d707a42a619531229d82a0f0a/jnr-ffi-2.2.15.jar,file:/Users/ruslan/.gradle/caches/modules-2/files-2.1/net.openhft/chronicle-map/3.25ea6/b5201c6e8722d69d707a42a619531229d82a0f0a/jffi-1.3.12.jar,file:/Users/ruslan/.gradle/caches/modules-2/files-2.1/net.openhft/chronicle-map/3.25ea6/b5201c6e8722d69d707a42a619531229d82a0f0a/jffi-1.3.12-native.jar,file:/Users/ruslan/.gradle/caches/modules-2/files-2.1/net.openhft/chronicle-map/3.25ea6/b5201c6e8722d69d707a42a619531229d82a0f0a/asm-9.2.jar,file:/Users/ruslan/.gradle/caches/modules-2/files-2.1/net.openhft/chronicle-map/3.25ea6/b5201c6e8722d69d707a42a619531229d82a0f0a/jnr-a64asm-1.0.0.jar,file:/Users/ruslan/.gradle/caches/modules-2/files-2.1/net.openhft/chronicle-map/3.25ea6/b5201c6e8722d69d707a42a619531229d82a0f0a/jnr-x86asm-1.0.2.jar,file:/Users/ruslan/.gradle/caches/modules-2/files-2.1/net.openhft/chronicle-map/3.25ea6/b5201c6e8722d69d707a42a619531229d82a0f0a/jnr-constants-0.10.4.jar,file:/Users/ruslan/.gradle/caches/modules-2/files-2.1/net.openhft/chronicle-map/3.25ea6/b5201c6e8722d69d707a42a619531229d82a0f0a/chronicle-values-2.25ea3.jar,file:/Users/ruslan/.gradle/caches/modules-2/files-2.1/net.openhft/chronicle-map/3.25ea6/b5201c6e8722d69d707a42a619531229d82a0f0a/compiler-2.25ea2.jar,file:/Users/ruslan/.gradle/caches/modules-2/files-2.1/net.openhft/chronicle-map/3.25ea6/b5201c6e8722d69d707a42a619531229d82a0f0a/javapoet-1.13.0.jar,file:/Users/ruslan/.gradle/caches/modules-2/files-2.1/net.openhft/chronicle-map/3.25ea6/b5201c6e8722d69d707a42a619531229d82a0f0a/chronicle-threads-2.25ea5.jar,file:/Users/ruslan/.gradle/caches/modules-2/files-2.1/net.openhft/chronicle-map/3.25ea6/b5201c6e8722d69d707a42a619531229d82a0f0a/slf4j-api-1.7.36.jar,file:/Users/ruslan/.gradle/caches/modules-2/files-2.1/net.openhft/chronicle-map/3.25ea6/b5201c6e8722d69d707a42a619531229d82a0f0a/chronicle-wire-2.25ea10.jar,file:/Users/ruslan/.gradle/caches/modules-2/files-2.1/net.openhft/chronicle-map/3.25ea6/b5201c6e8722d69d707a42a619531229d82a0f0a/chronicle-algorithms-2.25ea0.jar,file:/Users/ruslan/.gradle/caches/modules-2/files-2.1/net.openhft/chronicle-map/3.25ea6/b5201c6e8722d69d707a42a619531229d82a0f0a/jna-5.5.0.jar,file:/Users/ruslan/.gradle/caches/modules-2/files-2.1/net.openhft/chronicle-map/3.25ea6/b5201c6e8722d69d707a42a619531229d82a0f0a/jna-platform-5.5.0.jar,file:/Users/ruslan/.gradle/caches/modules-2/files-2.1/net.openhft/chronicle-map/3.25ea6/b5201c6e8722d69d707a42a619531229d82a0f0a/xstream-1.4.20.jar,file:/Users/ruslan/.gradle/caches/modules-2/files-2.1/net.openhft/chronicle-map/3.25ea6/b5201c6e8722d69d707a42a619531229d82a0f0a/mxparser-1.2.2.jar,file:/Users/ruslan/.gradle/caches/modules-2/files-2.1/net.openhft/chronicle-map/3.25ea6/b5201c6e8722d69d707a42a619531229d82a0f0a/xmlpull-1.1.3.1.jar,file:/Users/ruslan/.gradle/caches/modules-2/files-2.1/net.openhft/chronicle-map/3.25ea6/b5201c6e8722d69d707a42a619531229d82a0f0a/jettison-1.5.4.jar,file:/Users/ruslan/.gradle/caches/modules-2/files-2.1/net.openhft/chronicle-map/3.25ea6/b5201c6e8722d69d707a42a619531229d82a0f0a/pax-url-aether-2.6.12.jar,file:/Users/ruslan/.gradle/caches/modules-2/files-2.1/net.openhft/chronicle-map/3.25ea6/b5201c6e8722d69d707a42a619531229d82a0f0a/pax-url-aether-support-2.6.12.jar,file:/Users/ruslan/.gradle/caches/modules-2/files-2.1/net.openhft/chronicle-map/3.25ea6/b5201c6e8722d69d707a42a619531229d82a0f0a/maven-resolver-impl-1.8.2.jar,file:/Users/ruslan/.gradle/caches/modules-2/files-2.1/net.openhft/chronicle-map/3.25ea6/b5201c6e8722d69d707a42a619531229d82a0f0a/maven-resolver-api-1.8.2.jar,file:/Users/ruslan/.gradle/caches/modules-2/files-2.1/net.openhft/chronicle-map/3.25ea6/b5201c6e8722d69d707a42a619531229d82a0f0a/maven-resolver-spi-1.8.2.jar,file:/Users/ruslan/.gradle/caches/modules-2/files-2.1/net.openhft/chronicle-map/3.25ea6/b5201c6e8722d69d707a42a619531229d82a0f0a/maven-resolver-named-locks-1.8.2.jar,file:/Users/ruslan/.gradle/caches/modules-2/files-2.1/net.openhft/chronicle-map/3.25ea6/b5201c6e8722d69d707a42a619531229d82a0f0a/maven-resolver-util-1.8.2.jar,file:/Users/ruslan/.gradle/caches/modules-2/files-2.1/net.openhft/chronicle-map/3.25ea6/b5201c6e8722d69d707a42a619531229d82a0f0a/javax.annotation-api-1.3.2.jar,file:/Users/ruslan/.gradle/caches/modules-2/files-2.1/net.openhft/chronicle-map/3.25ea6/b5201c6e8722d69d707a42a619531229d82a0f0a/jcl-over-slf4j-1.7.32.jar
2024-04-22 00:07:51.066[1713730071066] | INFO  | restartedMain | o.s.b.d.restart.ChangeableUrls       - The Class-Path manifest attribute in /Users/ruslan/.gradle/caches/modules-2/files-2.1/net.openhft/chronicle-bytes/2.25ea7/7e3f1769f38b7c208953410a7798cad3ae6bba46/chronicle-bytes-2.25ea7.jar referenced one or more files that do not exist: file:/Users/ruslan/.gradle/caches/modules-2/files-2.1/net.openhft/chronicle-bytes/2.25ea7/7e3f1769f38b7c208953410a7798cad3ae6bba46/posix-2.25ea0.jar,file:/Users/ruslan/.gradle/caches/modules-2/files-2.1/net.openhft/chronicle-bytes/2.25ea7/7e3f1769f38b7c208953410a7798cad3ae6bba46/jna-5.5.0.jar,file:/Users/ruslan/.gradle/caches/modules-2/files-2.1/net.openhft/chronicle-bytes/2.25ea7/7e3f1769f38b7c208953410a7798cad3ae6bba46/jna-platform-5.5.0.jar,file:/Users/ruslan/.gradle/caches/modules-2/files-2.1/net.openhft/chronicle-bytes/2.25ea7/7e3f1769f38b7c208953410a7798cad3ae6bba46/jnr-ffi-2.2.15.jar,file:/Users/ruslan/.gradle/caches/modules-2/files-2.1/net.openhft/chronicle-bytes/2.25ea7/7e3f1769f38b7c208953410a7798cad3ae6bba46/jffi-1.3.12.jar,file:/Users/ruslan/.gradle/caches/modules-2/files-2.1/net.openhft/chronicle-bytes/2.25ea7/7e3f1769f38b7c208953410a7798cad3ae6bba46/jffi-1.3.12-native.jar,file:/Users/ruslan/.gradle/caches/modules-2/files-2.1/net.openhft/chronicle-bytes/2.25ea7/7e3f1769f38b7c208953410a7798cad3ae6bba46/asm-9.2.jar,file:/Users/ruslan/.gradle/caches/modules-2/files-2.1/net.openhft/chronicle-bytes/2.25ea7/7e3f1769f38b7c208953410a7798cad3ae6bba46/jnr-a64asm-1.0.0.jar,file:/Users/ruslan/.gradle/caches/modules-2/files-2.1/net.openhft/chronicle-bytes/2.25ea7/7e3f1769f38b7c208953410a7798cad3ae6bba46/jnr-x86asm-1.0.2.jar,file:/Users/ruslan/.gradle/caches/modules-2/files-2.1/net.openhft/chronicle-bytes/2.25ea7/7e3f1769f38b7c208953410a7798cad3ae6bba46/jnr-constants-0.10.4.jar,file:/Users/ruslan/.gradle/caches/modules-2/files-2.1/net.openhft/chronicle-bytes/2.25ea7/7e3f1769f38b7c208953410a7798cad3ae6bba46/chronicle-core-2.25ea9.jar,file:/Users/ruslan/.gradle/caches/modules-2/files-2.1/net.openhft/chronicle-bytes/2.25ea7/7e3f1769f38b7c208953410a7798cad3ae6bba46/chronicle-analytics-2.25ea0.jar,file:/Users/ruslan/.gradle/caches/modules-2/files-2.1/net.openhft/chronicle-bytes/2.25ea7/7e3f1769f38b7c208953410a7798cad3ae6bba46/slf4j-api-1.7.36.jar
2024-04-22 00:07:51.066[1713730071066] | INFO  | restartedMain | o.s.b.d.e.DevToolsPropertyDefaultsPostProcessor - Devtools property defaults active! Set 'spring.devtools.add-properties' to 'false' to disable
2024-04-22 00:07:51.066[1713730071066] | INFO  | restartedMain | o.s.b.d.e.DevToolsPropertyDefaultsPostProcessor - For additional web related logging consider setting the 'logging.level.web' property to 'DEBUG'
2024-04-22 00:07:51.611[1713730071611] | WARN  | restartedMain | o.s.b.w.r.c.AnnotationConfigReactiveWebServerApplicationContext - Exception encountered during context initialization - cancelling refresh attempt: org.springframework.beans.factory.UnsatisfiedDependencyException: Error creating bean with name 'dataSourceScriptDatabaseInitializer' defined in class path resource [org/springframework/boot/autoconfigure/sql/init/DataSourceInitializationConfiguration.class]: Unsatisfied dependency expressed through method 'dataSourceScriptDatabaseInitializer' parameter 0: Error creating bean with name 'dataSource' defined in class path resource [org/springframework/boot/autoconfigure/jdbc/DataSourceConfiguration$Hikari.class]: Failed to instantiate [com.zaxxer.hikari.HikariDataSource]: Factory method 'dataSource' threw exception with message: Cannot load driver class: org.sqlite.JDBC
2024-04-22 00:07:51.620[1713730071620] | INFO  | restartedMain | o.s.b.a.l.ConditionEvaluationReportLogger - 

Error starting ApplicationContext. To display the condition evaluation report re-run your application with 'debug' enabled.
2024-04-22 00:07:51.630[1713730071630] | ERROR | restartedMain | o.s.boot.SpringApplication           - Application run failed
org.springframework.beans.factory.UnsatisfiedDependencyException: Error creating bean with name 'dataSourceScriptDatabaseInitializer' defined in class path resource [org/springframework/boot/autoconfigure/sql/init/DataSourceInitializationConfiguration.class]: Unsatisfied dependency expressed through method 'dataSourceScriptDatabaseInitializer' parameter 0: Error creating bean with name 'dataSource' defined in class path resource [org/springframework/boot/autoconfigure/jdbc/DataSourceConfiguration$Hikari.class]: Failed to instantiate [com.zaxxer.hikari.HikariDataSource]: Factory method 'dataSource' threw exception with message: Cannot load driver class: org.sqlite.JDBC
	at org.springframework.beans.factory.support.ConstructorResolver.createArgumentArray(ConstructorResolver.java:795)
	at org.springframework.beans.factory.support.ConstructorResolver.instantiateUsingFactoryMethod(ConstructorResolver.java:542)
	at org.springframework.beans.factory.support.AbstractAutowireCapableBeanFactory.instantiateUsingFactoryMethod(AbstractAutowireCapableBeanFactory.java:1335)
	at org.springframework.beans.factory.support.AbstractAutowireCapableBeanFactory.createBeanInstance(AbstractAutowireCapableBeanFactory.java:1165)
	at org.springframework.beans.factory.support.AbstractAutowireCapableBeanFactory.doCreateBean(AbstractAutowireCapableBeanFactory.java:562)
	at org.springframework.beans.factory.support.AbstractAutowireCapableBeanFactory.createBean(AbstractAutowireCapableBeanFactory.java:522)
	at org.springframework.beans.factory.support.AbstractBeanFactory.lambda$doGetBean$0(AbstractBeanFactory.java:326)
	at org.springframework.beans.factory.support.DefaultSingletonBeanRegistry.getSingleton(DefaultSingletonBeanRegistry.java:234)
	at org.springframework.beans.factory.support.AbstractBeanFactory.doGetBean(AbstractBeanFactory.java:324)
	at org.springframework.beans.factory.support.AbstractBeanFactory.getBean(AbstractBeanFactory.java:200)
	at org.springframework.beans.factory.support.AbstractBeanFactory.doGetBean(AbstractBeanFactory.java:313)
	at org.springframework.beans.factory.support.AbstractBeanFactory.getBean(AbstractBeanFactory.java:200)
	at org.springframework.context.support.AbstractApplicationContext.getBean(AbstractApplicationContext.java:1234)
	at org.springframework.context.support.AbstractApplicationContext.finishBeanFactoryInitialization(AbstractApplicationContext.java:952)
	at org.springframework.context.support.AbstractApplicationContext.refresh(AbstractApplicationContext.java:624)
	at org.springframework.boot.web.reactive.context.ReactiveWebServerApplicationContext.refresh(ReactiveWebServerApplicationContext.java:66)
	at org.springframework.boot.SpringApplication.refresh(SpringApplication.java:754)
	at org.springframework.boot.SpringApplication.refreshContext(SpringApplication.java:456)
	at org.springframework.boot.SpringApplication.run(SpringApplication.java:334)
	at org.springframework.boot.SpringApplication.run(SpringApplication.java:1354)
	at org.springframework.boot.SpringApplication.run(SpringApplication.java:1343)
	at com.hgstrat.exchangebridge.ExchangeBridgeApplicationKt.main(ExchangeBridgeApplication.kt:13)
	at java.base/jdk.internal.reflect.DirectMethodHandleAccessor.invoke(DirectMethodHandleAccessor.java:103)
	at java.base/java.lang.reflect.Method.invoke(Method.java:580)
	at org.springframework.boot.devtools.restart.RestartLauncher.run(RestartLauncher.java:50)
Caused by: org.springframework.beans.factory.BeanCreationException: Error creating bean with name 'dataSource' defined in class path resource [org/springframework/boot/autoconfigure/jdbc/DataSourceConfiguration$Hikari.class]: Failed to instantiate [com.zaxxer.hikari.HikariDataSource]: Factory method 'dataSource' threw exception with message: Cannot load driver class: org.sqlite.JDBC
	at org.springframework.beans.factory.support.ConstructorResolver.instantiate(ConstructorResolver.java:648)
	at org.springframework.beans.factory.support.ConstructorResolver.instantiateUsingFactoryMethod(ConstructorResolver.java:636)
	at org.springframework.beans.factory.support.AbstractAutowireCapableBeanFactory.instantiateUsingFactoryMethod(AbstractAutowireCapableBeanFactory.java:1335)
	at org.springframework.beans.factory.support.AbstractAutowireCapableBeanFactory.createBeanInstance(AbstractAutowireCapableBeanFactory.java:1165)
	at org.springframework.beans.factory.support.AbstractAutowireCapableBeanFactory.doCreateBean(AbstractAutowireCapableBeanFactory.java:562)
	at org.springframework.beans.factory.support.AbstractAutowireCapableBeanFactory.createBean(AbstractAutowireCapableBeanFactory.java:522)
	at org.springframework.beans.factory.support.AbstractBeanFactory.lambda$doGetBean$0(AbstractBeanFactory.java:326)
	at org.springframework.beans.factory.support.DefaultSingletonBeanRegistry.getSingleton(DefaultSingletonBeanRegistry.java:234)
	at org.springframework.beans.factory.support.AbstractBeanFactory.doGetBean(AbstractBeanFactory.java:324)
	at org.springframework.beans.factory.support.AbstractBeanFactory.getBean(AbstractBeanFactory.java:200)
	at org.springframework.beans.factory.config.DependencyDescriptor.resolveCandidate(DependencyDescriptor.java:254)
	at org.springframework.beans.factory.support.DefaultListableBeanFactory.doResolveDependency(DefaultListableBeanFactory.java:1443)
	at org.springframework.beans.factory.support.DefaultListableBeanFactory.resolveDependency(DefaultListableBeanFactory.java:1353)
	at org.springframework.beans.factory.support.ConstructorResolver.resolveAutowiredArgument(ConstructorResolver.java:904)
	at org.springframework.beans.factory.support.ConstructorResolver.createArgumentArray(ConstructorResolver.java:782)
	... 24 common frames omitted
Caused by: org.springframework.beans.BeanInstantiationException: Failed to instantiate [com.zaxxer.hikari.HikariDataSource]: Factory method 'dataSource' threw exception with message: Cannot load driver class: org.sqlite.JDBC
	at org.springframework.beans.factory.support.SimpleInstantiationStrategy.instantiate(SimpleInstantiationStrategy.java:177)
	at org.springframework.beans.factory.support.ConstructorResolver.instantiate(ConstructorResolver.java:644)
	... 38 common frames omitted
Caused by: java.lang.IllegalStateException: Cannot load driver class: org.sqlite.JDBC
	at org.springframework.util.Assert.state(Assert.java:97)
	at org.springframework.boot.autoconfigure.jdbc.DataSourceProperties.determineDriverClassName(DataSourceProperties.java:175)
	at org.springframework.boot.autoconfigure.jdbc.PropertiesJdbcConnectionDetails.getDriverClassName(PropertiesJdbcConnectionDetails.java:49)
	at org.springframework.boot.autoconfigure.jdbc.DataSourceConfiguration.createDataSource(DataSourceConfiguration.java:55)
	at org.springframework.boot.autoconfigure.jdbc.DataSourceConfiguration$Hikari.dataSource(DataSourceConfiguration.java:117)
	at java.base/jdk.internal.reflect.DirectMethodHandleAccessor.invoke(DirectMethodHandleAccessor.java:103)
	at java.base/java.lang.reflect.Method.invoke(Method.java:580)
	at org.springframework.beans.factory.support.SimpleInstantiationStrategy.instantiate(SimpleInstantiationStrategy.java:140)
	... 39 common frames omitted
2024-04-22 00:10:33.128[1713730233128] | INFO  | restartedMain | c.h.e.ExchangeBridgeApplicationKt    - Starting ExchangeBridgeApplicationKt using Java 22.0.1 with PID 38158 (/Users/ruslan/IdeaProjects/exchange-bridge2/build/classes/kotlin/main started by ruslan in /Users/ruslan/IdeaProjects/exchange-bridge2)
2024-04-22 00:10:33.129[1713730233129] | INFO  | restartedMain | c.h.e.ExchangeBridgeApplicationKt    - No active profile set, falling back to 1 default profile: "default"
2024-04-22 00:10:33.161[1713730233161] | INFO  | restartedMain | o.s.b.d.restart.ChangeableUrls       - The Class-Path manifest attribute in /Users/ruslan/.gradle/caches/modules-2/files-2.1/net.openhft/chronicle-map/3.25ea6/b5201c6e8722d69d707a42a619531229d82a0f0a/chronicle-map-3.25ea6.jar referenced one or more files that do not exist: file:/Users/ruslan/.gradle/caches/modules-2/files-2.1/net.openhft/chronicle-map/3.25ea6/b5201c6e8722d69d707a42a619531229d82a0f0a/affinity-3.23.3.jar,file:/Users/ruslan/.gradle/caches/modules-2/files-2.1/net.openhft/chronicle-map/3.25ea6/b5201c6e8722d69d707a42a619531229d82a0f0a/chronicle-core-2.25ea10.jar,file:/Users/ruslan/.gradle/caches/modules-2/files-2.1/net.openhft/chronicle-map/3.25ea6/b5201c6e8722d69d707a42a619531229d82a0f0a/chronicle-analytics-2.25ea0.jar,file:/Users/ruslan/.gradle/caches/modules-2/files-2.1/net.openhft/chronicle-map/3.25ea6/b5201c6e8722d69d707a42a619531229d82a0f0a/chronicle-bytes-2.25ea7.jar,file:/Users/ruslan/.gradle/caches/modules-2/files-2.1/net.openhft/chronicle-map/3.25ea6/b5201c6e8722d69d707a42a619531229d82a0f0a/posix-2.25ea0.jar,file:/Users/ruslan/.gradle/caches/modules-2/files-2.1/net.openhft/chronicle-map/3.25ea6/b5201c6e8722d69d707a42a619531229d82a0f0a/jnr-ffi-2.2.15.jar,file:/Users/ruslan/.gradle/caches/modules-2/files-2.1/net.openhft/chronicle-map/3.25ea6/b5201c6e8722d69d707a42a619531229d82a0f0a/jffi-1.3.12.jar,file:/Users/ruslan/.gradle/caches/modules-2/files-2.1/net.openhft/chronicle-map/3.25ea6/b5201c6e8722d69d707a42a619531229d82a0f0a/jffi-1.3.12-native.jar,file:/Users/ruslan/.gradle/caches/modules-2/files-2.1/net.openhft/chronicle-map/3.25ea6/b5201c6e8722d69d707a42a619531229d82a0f0a/asm-9.2.jar,file:/Users/ruslan/.gradle/caches/modules-2/files-2.1/net.openhft/chronicle-map/3.25ea6/b5201c6e8722d69d707a42a619531229d82a0f0a/jnr-a64asm-1.0.0.jar,file:/Users/ruslan/.gradle/caches/modules-2/files-2.1/net.openhft/chronicle-map/3.25ea6/b5201c6e8722d69d707a42a619531229d82a0f0a/jnr-x86asm-1.0.2.jar,file:/Users/ruslan/.gradle/caches/modules-2/files-2.1/net.openhft/chronicle-map/3.25ea6/b5201c6e8722d69d707a42a619531229d82a0f0a/jnr-constants-0.10.4.jar,file:/Users/ruslan/.gradle/caches/modules-2/files-2.1/net.openhft/chronicle-map/3.25ea6/b5201c6e8722d69d707a42a619531229d82a0f0a/chronicle-values-2.25ea3.jar,file:/Users/ruslan/.gradle/caches/modules-2/files-2.1/net.openhft/chronicle-map/3.25ea6/b5201c6e8722d69d707a42a619531229d82a0f0a/compiler-2.25ea2.jar,file:/Users/ruslan/.gradle/caches/modules-2/files-2.1/net.openhft/chronicle-map/3.25ea6/b5201c6e8722d69d707a42a619531229d82a0f0a/javapoet-1.13.0.jar,file:/Users/ruslan/.gradle/caches/modules-2/files-2.1/net.openhft/chronicle-map/3.25ea6/b5201c6e8722d69d707a42a619531229d82a0f0a/chronicle-threads-2.25ea5.jar,file:/Users/ruslan/.gradle/caches/modules-2/files-2.1/net.openhft/chronicle-map/3.25ea6/b5201c6e8722d69d707a42a619531229d82a0f0a/slf4j-api-1.7.36.jar,file:/Users/ruslan/.gradle/caches/modules-2/files-2.1/net.openhft/chronicle-map/3.25ea6/b5201c6e8722d69d707a42a619531229d82a0f0a/chronicle-wire-2.25ea10.jar,file:/Users/ruslan/.gradle/caches/modules-2/files-2.1/net.openhft/chronicle-map/3.25ea6/b5201c6e8722d69d707a42a619531229d82a0f0a/chronicle-algorithms-2.25ea0.jar,file:/Users/ruslan/.gradle/caches/modules-2/files-2.1/net.openhft/chronicle-map/3.25ea6/b5201c6e8722d69d707a42a619531229d82a0f0a/jna-5.5.0.jar,file:/Users/ruslan/.gradle/caches/modules-2/files-2.1/net.openhft/chronicle-map/3.25ea6/b5201c6e8722d69d707a42a619531229d82a0f0a/jna-platform-5.5.0.jar,file:/Users/ruslan/.gradle/caches/modules-2/files-2.1/net.openhft/chronicle-map/3.25ea6/b5201c6e8722d69d707a42a619531229d82a0f0a/xstream-1.4.20.jar,file:/Users/ruslan/.gradle/caches/modules-2/files-2.1/net.openhft/chronicle-map/3.25ea6/b5201c6e8722d69d707a42a619531229d82a0f0a/mxparser-1.2.2.jar,file:/Users/ruslan/.gradle/caches/modules-2/files-2.1/net.openhft/chronicle-map/3.25ea6/b5201c6e8722d69d707a42a619531229d82a0f0a/xmlpull-1.1.3.1.jar,file:/Users/ruslan/.gradle/caches/modules-2/files-2.1/net.openhft/chronicle-map/3.25ea6/b5201c6e8722d69d707a42a619531229d82a0f0a/jettison-1.5.4.jar,file:/Users/ruslan/.gradle/caches/modules-2/files-2.1/net.openhft/chronicle-map/3.25ea6/b5201c6e8722d69d707a42a619531229d82a0f0a/pax-url-aether-2.6.12.jar,file:/Users/ruslan/.gradle/caches/modules-2/files-2.1/net.openhft/chronicle-map/3.25ea6/b5201c6e8722d69d707a42a619531229d82a0f0a/pax-url-aether-support-2.6.12.jar,file:/Users/ruslan/.gradle/caches/modules-2/files-2.1/net.openhft/chronicle-map/3.25ea6/b5201c6e8722d69d707a42a619531229d82a0f0a/maven-resolver-impl-1.8.2.jar,file:/Users/ruslan/.gradle/caches/modules-2/files-2.1/net.openhft/chronicle-map/3.25ea6/b5201c6e8722d69d707a42a619531229d82a0f0a/maven-resolver-api-1.8.2.jar,file:/Users/ruslan/.gradle/caches/modules-2/files-2.1/net.openhft/chronicle-map/3.25ea6/b5201c6e8722d69d707a42a619531229d82a0f0a/maven-resolver-spi-1.8.2.jar,file:/Users/ruslan/.gradle/caches/modules-2/files-2.1/net.openhft/chronicle-map/3.25ea6/b5201c6e8722d69d707a42a619531229d82a0f0a/maven-resolver-named-locks-1.8.2.jar,file:/Users/ruslan/.gradle/caches/modules-2/files-2.1/net.openhft/chronicle-map/3.25ea6/b5201c6e8722d69d707a42a619531229d82a0f0a/maven-resolver-util-1.8.2.jar,file:/Users/ruslan/.gradle/caches/modules-2/files-2.1/net.openhft/chronicle-map/3.25ea6/b5201c6e8722d69d707a42a619531229d82a0f0a/javax.annotation-api-1.3.2.jar,file:/Users/ruslan/.gradle/caches/modules-2/files-2.1/net.openhft/chronicle-map/3.25ea6/b5201c6e8722d69d707a42a619531229d82a0f0a/jcl-over-slf4j-1.7.32.jar
2024-04-22 00:10:33.161[1713730233161] | INFO  | restartedMain | o.s.b.d.restart.ChangeableUrls       - The Class-Path manifest attribute in /Users/ruslan/.gradle/caches/modules-2/files-2.1/net.openhft/chronicle-bytes/2.25ea7/7e3f1769f38b7c208953410a7798cad3ae6bba46/chronicle-bytes-2.25ea7.jar referenced one or more files that do not exist: file:/Users/ruslan/.gradle/caches/modules-2/files-2.1/net.openhft/chronicle-bytes/2.25ea7/7e3f1769f38b7c208953410a7798cad3ae6bba46/posix-2.25ea0.jar,file:/Users/ruslan/.gradle/caches/modules-2/files-2.1/net.openhft/chronicle-bytes/2.25ea7/7e3f1769f38b7c208953410a7798cad3ae6bba46/jna-5.5.0.jar,file:/Users/ruslan/.gradle/caches/modules-2/files-2.1/net.openhft/chronicle-bytes/2.25ea7/7e3f1769f38b7c208953410a7798cad3ae6bba46/jna-platform-5.5.0.jar,file:/Users/ruslan/.gradle/caches/modules-2/files-2.1/net.openhft/chronicle-bytes/2.25ea7/7e3f1769f38b7c208953410a7798cad3ae6bba46/jnr-ffi-2.2.15.jar,file:/Users/ruslan/.gradle/caches/modules-2/files-2.1/net.openhft/chronicle-bytes/2.25ea7/7e3f1769f38b7c208953410a7798cad3ae6bba46/jffi-1.3.12.jar,file:/Users/ruslan/.gradle/caches/modules-2/files-2.1/net.openhft/chronicle-bytes/2.25ea7/7e3f1769f38b7c208953410a7798cad3ae6bba46/jffi-1.3.12-native.jar,file:/Users/ruslan/.gradle/caches/modules-2/files-2.1/net.openhft/chronicle-bytes/2.25ea7/7e3f1769f38b7c208953410a7798cad3ae6bba46/asm-9.2.jar,file:/Users/ruslan/.gradle/caches/modules-2/files-2.1/net.openhft/chronicle-bytes/2.25ea7/7e3f1769f38b7c208953410a7798cad3ae6bba46/jnr-a64asm-1.0.0.jar,file:/Users/ruslan/.gradle/caches/modules-2/files-2.1/net.openhft/chronicle-bytes/2.25ea7/7e3f1769f38b7c208953410a7798cad3ae6bba46/jnr-x86asm-1.0.2.jar,file:/Users/ruslan/.gradle/caches/modules-2/files-2.1/net.openhft/chronicle-bytes/2.25ea7/7e3f1769f38b7c208953410a7798cad3ae6bba46/jnr-constants-0.10.4.jar,file:/Users/ruslan/.gradle/caches/modules-2/files-2.1/net.openhft/chronicle-bytes/2.25ea7/7e3f1769f38b7c208953410a7798cad3ae6bba46/chronicle-core-2.25ea9.jar,file:/Users/ruslan/.gradle/caches/modules-2/files-2.1/net.openhft/chronicle-bytes/2.25ea7/7e3f1769f38b7c208953410a7798cad3ae6bba46/chronicle-analytics-2.25ea0.jar,file:/Users/ruslan/.gradle/caches/modules-2/files-2.1/net.openhft/chronicle-bytes/2.25ea7/7e3f1769f38b7c208953410a7798cad3ae6bba46/slf4j-api-1.7.36.jar
2024-04-22 00:10:33.161[1713730233161] | INFO  | restartedMain | o.s.b.d.e.DevToolsPropertyDefaultsPostProcessor - Devtools property defaults active! Set 'spring.devtools.add-properties' to 'false' to disable
2024-04-22 00:10:33.161[1713730233161] | INFO  | restartedMain | o.s.b.d.e.DevToolsPropertyDefaultsPostProcessor - For additional web related logging consider setting the 'logging.level.web' property to 'DEBUG'
2024-04-22 00:10:33.708[1713730233708] | WARN  | restartedMain | o.s.b.w.r.c.AnnotationConfigReactiveWebServerApplicationContext - Exception encountered during context initialization - cancelling refresh attempt: org.springframework.beans.factory.UnsatisfiedDependencyException: Error creating bean with name 'dataSourceScriptDatabaseInitializer' defined in class path resource [org/springframework/boot/autoconfigure/sql/init/DataSourceInitializationConfiguration.class]: Unsatisfied dependency expressed through method 'dataSourceScriptDatabaseInitializer' parameter 0: Error creating bean with name 'dataSource' defined in class path resource [org/springframework/boot/autoconfigure/jdbc/DataSourceConfiguration$Hikari.class]: Failed to instantiate [com.zaxxer.hikari.HikariDataSource]: Factory method 'dataSource' threw exception with message: Cannot load driver class: org.sqlite.JDBC
2024-04-22 00:10:33.716[1713730233716] | INFO  | restartedMain | o.s.b.a.l.ConditionEvaluationReportLogger - 

Error starting ApplicationContext. To display the condition evaluation report re-run your application with 'debug' enabled.
2024-04-22 00:10:33.726[1713730233726] | ERROR | restartedMain | o.s.boot.SpringApplication           - Application run failed
org.springframework.beans.factory.UnsatisfiedDependencyException: Error creating bean with name 'dataSourceScriptDatabaseInitializer' defined in class path resource [org/springframework/boot/autoconfigure/sql/init/DataSourceInitializationConfiguration.class]: Unsatisfied dependency expressed through method 'dataSourceScriptDatabaseInitializer' parameter 0: Error creating bean with name 'dataSource' defined in class path resource [org/springframework/boot/autoconfigure/jdbc/DataSourceConfiguration$Hikari.class]: Failed to instantiate [com.zaxxer.hikari.HikariDataSource]: Factory method 'dataSource' threw exception with message: Cannot load driver class: org.sqlite.JDBC
	at org.springframework.beans.factory.support.ConstructorResolver.createArgumentArray(ConstructorResolver.java:795)
	at org.springframework.beans.factory.support.ConstructorResolver.instantiateUsingFactoryMethod(ConstructorResolver.java:542)
	at org.springframework.beans.factory.support.AbstractAutowireCapableBeanFactory.instantiateUsingFactoryMethod(AbstractAutowireCapableBeanFactory.java:1335)
	at org.springframework.beans.factory.support.AbstractAutowireCapableBeanFactory.createBeanInstance(AbstractAutowireCapableBeanFactory.java:1165)
	at org.springframework.beans.factory.support.AbstractAutowireCapableBeanFactory.doCreateBean(AbstractAutowireCapableBeanFactory.java:562)
	at org.springframework.beans.factory.support.AbstractAutowireCapableBeanFactory.createBean(AbstractAutowireCapableBeanFactory.java:522)
	at org.springframework.beans.factory.support.AbstractBeanFactory.lambda$doGetBean$0(AbstractBeanFactory.java:326)
	at org.springframework.beans.factory.support.DefaultSingletonBeanRegistry.getSingleton(DefaultSingletonBeanRegistry.java:234)
	at org.springframework.beans.factory.support.AbstractBeanFactory.doGetBean(AbstractBeanFactory.java:324)
	at org.springframework.beans.factory.support.AbstractBeanFactory.getBean(AbstractBeanFactory.java:200)
	at org.springframework.beans.factory.support.AbstractBeanFactory.doGetBean(AbstractBeanFactory.java:313)
	at org.springframework.beans.factory.support.AbstractBeanFactory.getBean(AbstractBeanFactory.java:200)
	at org.springframework.context.support.AbstractApplicationContext.getBean(AbstractApplicationContext.java:1234)
	at org.springframework.context.support.AbstractApplicationContext.finishBeanFactoryInitialization(AbstractApplicationContext.java:952)
	at org.springframework.context.support.AbstractApplicationContext.refresh(AbstractApplicationContext.java:624)
	at org.springframework.boot.web.reactive.context.ReactiveWebServerApplicationContext.refresh(ReactiveWebServerApplicationContext.java:66)
	at org.springframework.boot.SpringApplication.refresh(SpringApplication.java:754)
	at org.springframework.boot.SpringApplication.refreshContext(SpringApplication.java:456)
	at org.springframework.boot.SpringApplication.run(SpringApplication.java:334)
	at org.springframework.boot.SpringApplication.run(SpringApplication.java:1354)
	at org.springframework.boot.SpringApplication.run(SpringApplication.java:1343)
	at com.hgstrat.exchangebridge.ExchangeBridgeApplicationKt.main(ExchangeBridgeApplication.kt:13)
	at java.base/jdk.internal.reflect.DirectMethodHandleAccessor.invoke(DirectMethodHandleAccessor.java:103)
	at java.base/java.lang.reflect.Method.invoke(Method.java:580)
	at org.springframework.boot.devtools.restart.RestartLauncher.run(RestartLauncher.java:50)
Caused by: org.springframework.beans.factory.BeanCreationException: Error creating bean with name 'dataSource' defined in class path resource [org/springframework/boot/autoconfigure/jdbc/DataSourceConfiguration$Hikari.class]: Failed to instantiate [com.zaxxer.hikari.HikariDataSource]: Factory method 'dataSource' threw exception with message: Cannot load driver class: org.sqlite.JDBC
	at org.springframework.beans.factory.support.ConstructorResolver.instantiate(ConstructorResolver.java:648)
	at org.springframework.beans.factory.support.ConstructorResolver.instantiateUsingFactoryMethod(ConstructorResolver.java:636)
	at org.springframework.beans.factory.support.AbstractAutowireCapableBeanFactory.instantiateUsingFactoryMethod(AbstractAutowireCapableBeanFactory.java:1335)
	at org.springframework.beans.factory.support.AbstractAutowireCapableBeanFactory.createBeanInstance(AbstractAutowireCapableBeanFactory.java:1165)
	at org.springframework.beans.factory.support.AbstractAutowireCapableBeanFactory.doCreateBean(AbstractAutowireCapableBeanFactory.java:562)
	at org.springframework.beans.factory.support.AbstractAutowireCapableBeanFactory.createBean(AbstractAutowireCapableBeanFactory.java:522)
	at org.springframework.beans.factory.support.AbstractBeanFactory.lambda$doGetBean$0(AbstractBeanFactory.java:326)
	at org.springframework.beans.factory.support.DefaultSingletonBeanRegistry.getSingleton(DefaultSingletonBeanRegistry.java:234)
	at org.springframework.beans.factory.support.AbstractBeanFactory.doGetBean(AbstractBeanFactory.java:324)
	at org.springframework.beans.factory.support.AbstractBeanFactory.getBean(AbstractBeanFactory.java:200)
	at org.springframework.beans.factory.config.DependencyDescriptor.resolveCandidate(DependencyDescriptor.java:254)
	at org.springframework.beans.factory.support.DefaultListableBeanFactory.doResolveDependency(DefaultListableBeanFactory.java:1443)
	at org.springframework.beans.factory.support.DefaultListableBeanFactory.resolveDependency(DefaultListableBeanFactory.java:1353)
	at org.springframework.beans.factory.support.ConstructorResolver.resolveAutowiredArgument(ConstructorResolver.java:904)
	at org.springframework.beans.factory.support.ConstructorResolver.createArgumentArray(ConstructorResolver.java:782)
	... 24 common frames omitted
Caused by: org.springframework.beans.BeanInstantiationException: Failed to instantiate [com.zaxxer.hikari.HikariDataSource]: Factory method 'dataSource' threw exception with message: Cannot load driver class: org.sqlite.JDBC
	at org.springframework.beans.factory.support.SimpleInstantiationStrategy.instantiate(SimpleInstantiationStrategy.java:177)
	at org.springframework.beans.factory.support.ConstructorResolver.instantiate(ConstructorResolver.java:644)
	... 38 common frames omitted
Caused by: java.lang.IllegalStateException: Cannot load driver class: org.sqlite.JDBC
	at org.springframework.util.Assert.state(Assert.java:97)
	at org.springframework.boot.autoconfigure.jdbc.DataSourceProperties.determineDriverClassName(DataSourceProperties.java:175)
	at org.springframework.boot.autoconfigure.jdbc.PropertiesJdbcConnectionDetails.getDriverClassName(PropertiesJdbcConnectionDetails.java:49)
	at org.springframework.boot.autoconfigure.jdbc.DataSourceConfiguration.createDataSource(DataSourceConfiguration.java:55)
	at org.springframework.boot.autoconfigure.jdbc.DataSourceConfiguration$Hikari.dataSource(DataSourceConfiguration.java:117)
	at java.base/jdk.internal.reflect.DirectMethodHandleAccessor.invoke(DirectMethodHandleAccessor.java:103)
	at java.base/java.lang.reflect.Method.invoke(Method.java:580)
	at org.springframework.beans.factory.support.SimpleInstantiationStrategy.instantiate(SimpleInstantiationStrategy.java:140)
	... 39 common frames omitted
2024-04-22 00:11:07.196[1713730267196] | INFO  | restartedMain | c.h.e.ExchangeBridgeApplicationKt    - Starting ExchangeBridgeApplicationKt using Java 22.0.1 with PID 38173 (/Users/ruslan/IdeaProjects/exchange-bridge2/build/classes/kotlin/main started by ruslan in /Users/ruslan/IdeaProjects/exchange-bridge2)
2024-04-22 00:11:07.197[1713730267197] | INFO  | restartedMain | c.h.e.ExchangeBridgeApplicationKt    - No active profile set, falling back to 1 default profile: "default"
2024-04-22 00:11:07.229[1713730267229] | INFO  | restartedMain | o.s.b.d.restart.ChangeableUrls       - The Class-Path manifest attribute in /Users/ruslan/.gradle/caches/modules-2/files-2.1/net.openhft/chronicle-map/3.25ea6/b5201c6e8722d69d707a42a619531229d82a0f0a/chronicle-map-3.25ea6.jar referenced one or more files that do not exist: file:/Users/ruslan/.gradle/caches/modules-2/files-2.1/net.openhft/chronicle-map/3.25ea6/b5201c6e8722d69d707a42a619531229d82a0f0a/affinity-3.23.3.jar,file:/Users/ruslan/.gradle/caches/modules-2/files-2.1/net.openhft/chronicle-map/3.25ea6/b5201c6e8722d69d707a42a619531229d82a0f0a/chronicle-core-2.25ea10.jar,file:/Users/ruslan/.gradle/caches/modules-2/files-2.1/net.openhft/chronicle-map/3.25ea6/b5201c6e8722d69d707a42a619531229d82a0f0a/chronicle-analytics-2.25ea0.jar,file:/Users/ruslan/.gradle/caches/modules-2/files-2.1/net.openhft/chronicle-map/3.25ea6/b5201c6e8722d69d707a42a619531229d82a0f0a/chronicle-bytes-2.25ea7.jar,file:/Users/ruslan/.gradle/caches/modules-2/files-2.1/net.openhft/chronicle-map/3.25ea6/b5201c6e8722d69d707a42a619531229d82a0f0a/posix-2.25ea0.jar,file:/Users/ruslan/.gradle/caches/modules-2/files-2.1/net.openhft/chronicle-map/3.25ea6/b5201c6e8722d69d707a42a619531229d82a0f0a/jnr-ffi-2.2.15.jar,file:/Users/ruslan/.gradle/caches/modules-2/files-2.1/net.openhft/chronicle-map/3.25ea6/b5201c6e8722d69d707a42a619531229d82a0f0a/jffi-1.3.12.jar,file:/Users/ruslan/.gradle/caches/modules-2/files-2.1/net.openhft/chronicle-map/3.25ea6/b5201c6e8722d69d707a42a619531229d82a0f0a/jffi-1.3.12-native.jar,file:/Users/ruslan/.gradle/caches/modules-2/files-2.1/net.openhft/chronicle-map/3.25ea6/b5201c6e8722d69d707a42a619531229d82a0f0a/asm-9.2.jar,file:/Users/ruslan/.gradle/caches/modules-2/files-2.1/net.openhft/chronicle-map/3.25ea6/b5201c6e8722d69d707a42a619531229d82a0f0a/jnr-a64asm-1.0.0.jar,file:/Users/ruslan/.gradle/caches/modules-2/files-2.1/net.openhft/chronicle-map/3.25ea6/b5201c6e8722d69d707a42a619531229d82a0f0a/jnr-x86asm-1.0.2.jar,file:/Users/ruslan/.gradle/caches/modules-2/files-2.1/net.openhft/chronicle-map/3.25ea6/b5201c6e8722d69d707a42a619531229d82a0f0a/jnr-constants-0.10.4.jar,file:/Users/ruslan/.gradle/caches/modules-2/files-2.1/net.openhft/chronicle-map/3.25ea6/b5201c6e8722d69d707a42a619531229d82a0f0a/chronicle-values-2.25ea3.jar,file:/Users/ruslan/.gradle/caches/modules-2/files-2.1/net.openhft/chronicle-map/3.25ea6/b5201c6e8722d69d707a42a619531229d82a0f0a/compiler-2.25ea2.jar,file:/Users/ruslan/.gradle/caches/modules-2/files-2.1/net.openhft/chronicle-map/3.25ea6/b5201c6e8722d69d707a42a619531229d82a0f0a/javapoet-1.13.0.jar,file:/Users/ruslan/.gradle/caches/modules-2/files-2.1/net.openhft/chronicle-map/3.25ea6/b5201c6e8722d69d707a42a619531229d82a0f0a/chronicle-threads-2.25ea5.jar,file:/Users/ruslan/.gradle/caches/modules-2/files-2.1/net.openhft/chronicle-map/3.25ea6/b5201c6e8722d69d707a42a619531229d82a0f0a/slf4j-api-1.7.36.jar,file:/Users/ruslan/.gradle/caches/modules-2/files-2.1/net.openhft/chronicle-map/3.25ea6/b5201c6e8722d69d707a42a619531229d82a0f0a/chronicle-wire-2.25ea10.jar,file:/Users/ruslan/.gradle/caches/modules-2/files-2.1/net.openhft/chronicle-map/3.25ea6/b5201c6e8722d69d707a42a619531229d82a0f0a/chronicle-algorithms-2.25ea0.jar,file:/Users/ruslan/.gradle/caches/modules-2/files-2.1/net.openhft/chronicle-map/3.25ea6/b5201c6e8722d69d707a42a619531229d82a0f0a/jna-5.5.0.jar,file:/Users/ruslan/.gradle/caches/modules-2/files-2.1/net.openhft/chronicle-map/3.25ea6/b5201c6e8722d69d707a42a619531229d82a0f0a/jna-platform-5.5.0.jar,file:/Users/ruslan/.gradle/caches/modules-2/files-2.1/net.openhft/chronicle-map/3.25ea6/b5201c6e8722d69d707a42a619531229d82a0f0a/xstream-1.4.20.jar,file:/Users/ruslan/.gradle/caches/modules-2/files-2.1/net.openhft/chronicle-map/3.25ea6/b5201c6e8722d69d707a42a619531229d82a0f0a/mxparser-1.2.2.jar,file:/Users/ruslan/.gradle/caches/modules-2/files-2.1/net.openhft/chronicle-map/3.25ea6/b5201c6e8722d69d707a42a619531229d82a0f0a/xmlpull-1.1.3.1.jar,file:/Users/ruslan/.gradle/caches/modules-2/files-2.1/net.openhft/chronicle-map/3.25ea6/b5201c6e8722d69d707a42a619531229d82a0f0a/jettison-1.5.4.jar,file:/Users/ruslan/.gradle/caches/modules-2/files-2.1/net.openhft/chronicle-map/3.25ea6/b5201c6e8722d69d707a42a619531229d82a0f0a/pax-url-aether-2.6.12.jar,file:/Users/ruslan/.gradle/caches/modules-2/files-2.1/net.openhft/chronicle-map/3.25ea6/b5201c6e8722d69d707a42a619531229d82a0f0a/pax-url-aether-support-2.6.12.jar,file:/Users/ruslan/.gradle/caches/modules-2/files-2.1/net.openhft/chronicle-map/3.25ea6/b5201c6e8722d69d707a42a619531229d82a0f0a/maven-resolver-impl-1.8.2.jar,file:/Users/ruslan/.gradle/caches/modules-2/files-2.1/net.openhft/chronicle-map/3.25ea6/b5201c6e8722d69d707a42a619531229d82a0f0a/maven-resolver-api-1.8.2.jar,file:/Users/ruslan/.gradle/caches/modules-2/files-2.1/net.openhft/chronicle-map/3.25ea6/b5201c6e8722d69d707a42a619531229d82a0f0a/maven-resolver-spi-1.8.2.jar,file:/Users/ruslan/.gradle/caches/modules-2/files-2.1/net.openhft/chronicle-map/3.25ea6/b5201c6e8722d69d707a42a619531229d82a0f0a/maven-resolver-named-locks-1.8.2.jar,file:/Users/ruslan/.gradle/caches/modules-2/files-2.1/net.openhft/chronicle-map/3.25ea6/b5201c6e8722d69d707a42a619531229d82a0f0a/maven-resolver-util-1.8.2.jar,file:/Users/ruslan/.gradle/caches/modules-2/files-2.1/net.openhft/chronicle-map/3.25ea6/b5201c6e8722d69d707a42a619531229d82a0f0a/javax.annotation-api-1.3.2.jar,file:/Users/ruslan/.gradle/caches/modules-2/files-2.1/net.openhft/chronicle-map/3.25ea6/b5201c6e8722d69d707a42a619531229d82a0f0a/jcl-over-slf4j-1.7.32.jar
2024-04-22 00:11:07.229[1713730267229] | INFO  | restartedMain | o.s.b.d.restart.ChangeableUrls       - The Class-Path manifest attribute in /Users/ruslan/.gradle/caches/modules-2/files-2.1/net.openhft/chronicle-bytes/2.25ea7/7e3f1769f38b7c208953410a7798cad3ae6bba46/chronicle-bytes-2.25ea7.jar referenced one or more files that do not exist: file:/Users/ruslan/.gradle/caches/modules-2/files-2.1/net.openhft/chronicle-bytes/2.25ea7/7e3f1769f38b7c208953410a7798cad3ae6bba46/posix-2.25ea0.jar,file:/Users/ruslan/.gradle/caches/modules-2/files-2.1/net.openhft/chronicle-bytes/2.25ea7/7e3f1769f38b7c208953410a7798cad3ae6bba46/jna-5.5.0.jar,file:/Users/ruslan/.gradle/caches/modules-2/files-2.1/net.openhft/chronicle-bytes/2.25ea7/7e3f1769f38b7c208953410a7798cad3ae6bba46/jna-platform-5.5.0.jar,file:/Users/ruslan/.gradle/caches/modules-2/files-2.1/net.openhft/chronicle-bytes/2.25ea7/7e3f1769f38b7c208953410a7798cad3ae6bba46/jnr-ffi-2.2.15.jar,file:/Users/ruslan/.gradle/caches/modules-2/files-2.1/net.openhft/chronicle-bytes/2.25ea7/7e3f1769f38b7c208953410a7798cad3ae6bba46/jffi-1.3.12.jar,file:/Users/ruslan/.gradle/caches/modules-2/files-2.1/net.openhft/chronicle-bytes/2.25ea7/7e3f1769f38b7c208953410a7798cad3ae6bba46/jffi-1.3.12-native.jar,file:/Users/ruslan/.gradle/caches/modules-2/files-2.1/net.openhft/chronicle-bytes/2.25ea7/7e3f1769f38b7c208953410a7798cad3ae6bba46/asm-9.2.jar,file:/Users/ruslan/.gradle/caches/modules-2/files-2.1/net.openhft/chronicle-bytes/2.25ea7/7e3f1769f38b7c208953410a7798cad3ae6bba46/jnr-a64asm-1.0.0.jar,file:/Users/ruslan/.gradle/caches/modules-2/files-2.1/net.openhft/chronicle-bytes/2.25ea7/7e3f1769f38b7c208953410a7798cad3ae6bba46/jnr-x86asm-1.0.2.jar,file:/Users/ruslan/.gradle/caches/modules-2/files-2.1/net.openhft/chronicle-bytes/2.25ea7/7e3f1769f38b7c208953410a7798cad3ae6bba46/jnr-constants-0.10.4.jar,file:/Users/ruslan/.gradle/caches/modules-2/files-2.1/net.openhft/chronicle-bytes/2.25ea7/7e3f1769f38b7c208953410a7798cad3ae6bba46/chronicle-core-2.25ea9.jar,file:/Users/ruslan/.gradle/caches/modules-2/files-2.1/net.openhft/chronicle-bytes/2.25ea7/7e3f1769f38b7c208953410a7798cad3ae6bba46/chronicle-analytics-2.25ea0.jar,file:/Users/ruslan/.gradle/caches/modules-2/files-2.1/net.openhft/chronicle-bytes/2.25ea7/7e3f1769f38b7c208953410a7798cad3ae6bba46/slf4j-api-1.7.36.jar
2024-04-22 00:11:07.229[1713730267229] | INFO  | restartedMain | o.s.b.d.e.DevToolsPropertyDefaultsPostProcessor - Devtools property defaults active! Set 'spring.devtools.add-properties' to 'false' to disable
2024-04-22 00:11:07.229[1713730267229] | INFO  | restartedMain | o.s.b.d.e.DevToolsPropertyDefaultsPostProcessor - For additional web related logging consider setting the 'logging.level.web' property to 'DEBUG'
2024-04-22 00:11:07.980[1713730267980] | INFO  | restartedMain | o.s.b.d.a.OptionalLiveReloadServer   - LiveReload server is running on port 35729
2024-04-22 00:11:08.050[1713730268050] | INFO  | restartedMain | o.s.b.w.e.netty.NettyWebServer       - Netty started on port 9000
2024-04-22 00:11:08.056[1713730268056] | INFO  | restartedMain | c.h.e.ExchangeBridgeApplicationKt    - Started ExchangeBridgeApplicationKt in 1.196 seconds (process running for 3.816)
2024-04-22 00:21:14.478[1713730874478] | INFO  | restartedMain | c.h.e.ExchangeBridgeApplicationKt    - Starting ExchangeBridgeApplicationKt using Java 22.0.1 with PID 38491 (/Users/ruslan/IdeaProjects/exchange-bridge/build/classes/kotlin/main started by ruslan in /Users/ruslan/IdeaProjects/exchange-bridge)
2024-04-22 00:21:14.479[1713730874479] | INFO  | restartedMain | c.h.e.ExchangeBridgeApplicationKt    - No active profile set, falling back to 1 default profile: "default"
2024-04-22 00:21:14.512[1713730874512] | INFO  | restartedMain | o.s.b.d.e.DevToolsPropertyDefaultsPostProcessor - Devtools property defaults active! Set 'spring.devtools.add-properties' to 'false' to disable
2024-04-22 00:21:14.512[1713730874512] | INFO  | restartedMain | o.s.b.d.e.DevToolsPropertyDefaultsPostProcessor - For additional web related logging consider setting the 'logging.level.web' property to 'DEBUG'
2024-04-22 00:21:15.226[1713730875226] | INFO  | restartedMain | o.s.b.d.a.OptionalLiveReloadServer   - LiveReload server is running on port 35729
2024-04-22 00:21:15.289[1713730875289] | INFO  | restartedMain | o.s.b.w.e.netty.NettyWebServer       - Netty started on port 9000
2024-04-22 00:21:15.294[1713730875294] | INFO  | restartedMain | c.h.e.ExchangeBridgeApplicationKt    - Started ExchangeBridgeApplicationKt in 0.983 seconds (process running for 3.278)
2024-04-22 00:21:27.464[1713730887464] | INFO  | restartedMain | c.h.e.ExchangeBridgeApplicationKt    - Starting ExchangeBridgeApplicationKt using Java 22.0.1 with PID 38499 (/Users/ruslan/IdeaProjects/exchange-bridge/build/classes/kotlin/main started by ruslan in /Users/ruslan/IdeaProjects/exchange-bridge)
2024-04-22 00:21:27.464[1713730887464] | INFO  | restartedMain | c.h.e.ExchangeBridgeApplicationKt    - No active profile set, falling back to 1 default profile: "default"
2024-04-22 00:21:27.496[1713730887496] | INFO  | restartedMain | o.s.b.d.e.DevToolsPropertyDefaultsPostProcessor - Devtools property defaults active! Set 'spring.devtools.add-properties' to 'false' to disable
2024-04-22 00:21:27.496[1713730887496] | INFO  | restartedMain | o.s.b.d.e.DevToolsPropertyDefaultsPostProcessor - For additional web related logging consider setting the 'logging.level.web' property to 'DEBUG'
2024-04-22 00:21:28.070[1713730888070] | INFO  | restartedMain | o.h.jpa.internal.util.LogHelper      - HHH000204: Processing PersistenceUnitInfo [name: default]
2024-04-22 00:21:28.105[1713730888105] | INFO  | restartedMain | org.hibernate.Version                - HHH000412: Hibernate ORM core version 6.4.4.Final
2024-04-22 00:21:28.123[1713730888123] | INFO  | restartedMain | o.h.c.i.RegionFactoryInitiator       - HHH000026: Second-level cache disabled
2024-04-22 00:21:28.246[1713730888246] | INFO  | restartedMain | o.s.o.j.p.SpringPersistenceUnitInfo  - No LoadTimeWeaver setup: ignoring JPA class transformer
2024-04-22 00:21:28.261[1713730888261] | INFO  | restartedMain | com.zaxxer.hikari.HikariDataSource   - HikariPool-1 - Starting...
2024-04-22 00:21:28.844[1713730888844] | INFO  | restartedMain | com.zaxxer.hikari.pool.HikariPool    - HikariPool-1 - Added connection org.sqlite.jdbc4.JDBC4Connection@4558c75e
2024-04-22 00:21:28.846[1713730888846] | INFO  | restartedMain | com.zaxxer.hikari.HikariDataSource   - HikariPool-1 - Start completed.
2024-04-22 00:21:29.047[1713730889047] | INFO  | restartedMain | o.h.e.t.j.p.i.JtaPlatformInitiator   - HHH000489: No JTA platform available (set 'hibernate.transaction.jta.platform' to enable JTA platform integration)
2024-04-22 00:21:29.050[1713730889050] | INFO  | restartedMain | o.s.o.j.LocalContainerEntityManagerFactoryBean - Initialized JPA EntityManagerFactory for persistence unit 'default'
2024-04-22 00:21:29.221[1713730889221] | INFO  | restartedMain | o.s.b.d.a.OptionalLiveReloadServer   - LiveReload server is running on port 35729
2024-04-22 00:21:29.289[1713730889289] | INFO  | restartedMain | o.s.b.w.e.netty.NettyWebServer       - Netty started on port 9000
2024-04-22 00:21:29.295[1713730889295] | INFO  | restartedMain | c.h.e.ExchangeBridgeApplicationKt    - Started ExchangeBridgeApplicationKt in 1.997 seconds (process running for 4.766)
2024-04-22 00:26:01.630[1713731161630] | INFO  | SpringApplicationShutdownHook | o.s.o.j.LocalContainerEntityManagerFactoryBean - Closing JPA EntityManagerFactory for persistence unit 'default'
2024-04-22 00:26:01.635[1713731161635] | INFO  | SpringApplicationShutdownHook | com.zaxxer.hikari.HikariDataSource   - HikariPool-1 - Shutdown initiated...
2024-04-22 00:26:01.637[1713731161637] | INFO  | SpringApplicationShutdownHook | com.zaxxer.hikari.HikariDataSource   - HikariPool-1 - Shutdown completed.
